{
  "RSpec": {
    "coverage": {
      "/home/judson/ruby/gems/our-eel-hacks/lib/our-eel-hacks/rack.rb": [
        1,
        1,
        1,
        1,
        1,
        null,
        1,
        1,
        1,
        1,
        null,
        null,
        1,
        1,
        1,
        null,
        0,
        null,
        null,
        1,
        null,
        null,
        1,
        1,
        1,
        null,
        null,
        null,
        null,
        1,
        1,
        0,
        null,
        null,
        null
      ],
      "/home/judson/ruby/gems/our-eel-hacks/lib/our-eel-hacks/middleware.rb": [
        1,
        null,
        1,
        1,
        1,
        2,
        2,
        null,
        null,
        1,
        null,
        1,
        2,
        2,
        2,
        2,
        2,
        null,
        null,
        null,
        1,
        2,
        0,
        null,
        2,
        2,
        null,
        null,
        null
      ],
      "/home/judson/ruby/gems/our-eel-hacks/lib/our-eel-hacks/autoscaler.rb": [
        1,
        null,
        1,
        1,
        1,
        1,
        1,
        1,
        null,
        null,
        1,
        1,
        1,
        6,
        7,
        6,
        null,
        null,
        1,
        2,
        null,
        null,
        1,
        4,
        4,
        4,
        null,
        null,
        null,
        1,
        1,
        26,
        26,
        null,
        null,
        1,
        null,
        null,
        1,
        1,
        8,
        null,
        null,
        1,
        0,
        null,
        null,
        1,
        17,
        null,
        null,
        null,
        1,
        1,
        16,
        null,
        null,
        1,
        18,
        null,
        null,
        1,
        0,
        null,
        null,
        null,
        1,
        13,
        13,
        null,
        13,
        null,
        13,
        13,
        13,
        null,
        13,
        13,
        13,
        null,
        13,
        13,
        13,
        13,
        null,
        13,
        13,
        13,
        13,
        null,
        13,
        null,
        13,
        null,
        null,
        1,
        14,
        14,
        14,
        null,
        14,
        null,
        null,
        1,
        1,
        18,
        18,
        18,
        18,
        18,
        18,
        18,
        0,
        null,
        18,
        0,
        0,
        null,
        null,
        null,
        1,
        null,
        1,
        null,
        1,
        35,
        35,
        35,
        35,
        35,
        null,
        null,
        1,
        1,
        31,
        31,
        31,
        13,
        13,
        null,
        null,
        18,
        null,
        18,
        null,
        18,
        null,
        18,
        null,
        18,
        18,
        null,
        18,
        null,
        18,
        null,
        0,
        null,
        null,
        1,
        18,
        1,
        17,
        1,
        null,
        16,
        16,
        null,
        null,
        null,
        1,
        40,
        null,
        16,
        4,
        2,
        2,
        null,
        1,
        null,
        1,
        null,
        0,
        null,
        null,
        2,
        null,
        null,
        12,
        null,
        null,
        12,
        12,
        null,
        null,
        1,
        18,
        2,
        null,
        null,
        null,
        1,
        36,
        17,
        17,
        17,
        null,
        36,
        36,
        null,
        null,
        1,
        18,
        null,
        null,
        1,
        null,
        null,
        31,
        31,
        186,
        null,
        36,
        null,
        null,
        1,
        4,
        12,
        null,
        null,
        null,
        1,
        null,
        13,
        0,
        null,
        47,
        null,
        null,
        1,
        18,
        14,
        14,
        null,
        null,
        4,
        0,
        0,
        null,
        4,
        4,
        4,
        null,
        null,
        null
      ],
      "/home/judson/ruby/gems/our-eel-hacks/lib/our-eel-hacks/defer/event-machine.rb": [
        1,
        1,
        1,
        1,
        1,
        1,
        1,
        1,
        null,
        null,
        0,
        null,
        null,
        null,
        null,
        null
      ],
      "/home/judson/ruby/gems/our-eel-hacks/lib/our-eel-hacks/sidekiq.rb": [
        1,
        1,
        null,
        1,
        1,
        1,
        1,
        1,
        null,
        null,
        1,
        1,
        2,
        null,
        0,
        null,
        1,
        null,
        null,
        1,
        1,
        0,
        null,
        null,
        null,
        null
      ],
      "/home/judson/ruby/gems/our-eel-hacks/lib/our-eel-hacks/defer/celluloid.rb": [
        1,
        null,
        1,
        1,
        1,
        1,
        1,
        1,
        null,
        null,
        null,
        null,
        null
      ]
    },
    "timestamp": 1337215944
  }
}
